<?xml version="1.0" encoding="UTF-8"?>
<testsuite name="APIAutomationRestAssured"
           tests="6"
           failures="0"
           errors="0"
           skipped="0"
           time="0.007">
    <properties></properties>



            <testcase
                name="loginTes"
                time="0.001"
                classname="org.example.TestNG.testngexample.TestNG013">
            </testcase>
            <testcase
                name="loginTes"
                time="0.004"
                classname="org.example.TestNG.testngexample.TestNG013">
            </testcase>
            <testcase
                name="loginTes"
                time="0.001"
                classname="org.example.TestNG.testngexample.TestNG013">
            </testcase>
            <testcase
                name="loginTes"
                time="0.001"
                classname="org.example.TestNG.testngexample.TestNG013">
            </testcase>
            <testcase
                name="loginTes"
                time="0.000"
                classname="org.example.TestNG.testngexample.TestNG013">
            </testcase>
            <testcase
                name="loginTes"
                time="0.000"
                classname="org.example.TestNG.testngexample.TestNG013">
            </testcase>
</testsuite>
