<?xml version="1.0" encoding="UTF-8"?>
<testsuite name="Parrallel Test Cases"
           tests="2"
           failures="0"
           errors="0"
           skipped="0"
           time="0.009">
    <properties></properties>



            <testcase
                name="test_1"
                time="0.008"
                classname="org.example.TestNG.ListenerDemo.TC001">
            </testcase>
            <testcase
                name="test_2"
                time="0.001"
                classname="org.example.TestNG.ListenerDemo.TC001">
            </testcase>
</testsuite>
