<?xml version="1.0" encoding="UTF-8"?>
<testsuite name="C:/Users/georg/APIAutomationRestAssured"
           tests="2"
           failures="0"
           errors="0"
           skipped="0"
           time="1.637">
    <properties></properties>



            <testcase
                name="testPUTRequest"
                time="0.936"
                classname="org.example.TestNG.testngexample.TestNG005">
            </testcase>
            <testcase
                name="testPUTRequestFirst"
                time="0.701"
                classname="org.example.TestNG.testngexample.TestNG005">
            </testcase>
</testsuite>
