<?xml version="1.0" encoding="UTF-8"?>
<testsuite name="APIAutomationRestAssured"
           tests="3"
           failures="0"
           errors="0"
           skipped="0"
           time="0.008">
    <properties></properties>



            <testcase
                name="demo3"
                time="0.001"
                classname="org.example.TestNG.testngexample.PriorityDemo1">
            </testcase>
            <testcase
                name="demo2"
                time="0.000"
                classname="org.example.TestNG.testngexample.PriorityDemo1">
            </testcase>
            <testcase
                name="demo1"
                time="0.007"
                classname="org.example.TestNG.testngexample.PriorityDemo1">
            </testcase>
</testsuite>
